0 info it worked if it ends with ok
1 verbose cli [ '/usr/bin/nodejs',
1 verbose cli   '/usr/bin/npm',
1 verbose cli   'install',
1 verbose cli   '--save',
1 verbose cli   '@angular/animations' ]
2 info using npm@1.3.10
3 info using node@v0.10.25
4 warn package.json angular2-quickstart@1.0.0 No repository field.
5 verbose readDependencies using package.json deps
6 verbose cache add [ '@angular/animations', null ]
7 verbose cache add name=undefined spec="@angular/animations" args=["@angular/animations",null]
8 verbose parsed url { protocol: null,
8 verbose parsed url   slashes: null,
8 verbose parsed url   auth: null,
8 verbose parsed url   host: null,
8 verbose parsed url   port: null,
8 verbose parsed url   hostname: null,
8 verbose parsed url   hash: null,
8 verbose parsed url   search: null,
8 verbose parsed url   query: null,
8 verbose parsed url   pathname: '@angular/animations',
8 verbose parsed url   path: '@angular/animations',
8 verbose parsed url   href: '@angular/animations' }
9 verbose cache add name="" spec="angular/animations" args=["","angular/animations"]
10 verbose parsed url { protocol: null,
10 verbose parsed url   slashes: null,
10 verbose parsed url   auth: null,
10 verbose parsed url   host: null,
10 verbose parsed url   port: null,
10 verbose parsed url   hostname: null,
10 verbose parsed url   hash: null,
10 verbose parsed url   search: null,
10 verbose parsed url   query: null,
10 verbose parsed url   pathname: 'angular/animations',
10 verbose parsed url   path: 'angular/animations',
10 verbose parsed url   href: 'angular/animations' }
11 silly lockFile da0a9505-angular-animations angular/animations
12 verbose lock angular/animations /root/.npm/da0a9505-angular-animations.lock
13 info maybeGithub Attempting angular/animations from git://github.com/angular/animations
14 silly lockFile a8879461-it-github-com-angular-animations git://github.com/angular/animations
15 verbose lock git://github.com/angular/animations /root/.npm/a8879461-it-github-com-angular-animations.lock
16 verbose addRemoteGit [ 'git://github.com/angular/animations', 'master' ]
17 verbose git clone git://github.com/angular/animations Cloning into bare repository '/root/.npm/_git-remotes/git-github-com-angular-animations-a8879461'...
17 verbose git clone git://github.com/angular/animations fatal: remote error:
17 verbose git clone git://github.com/angular/animations   Repository not found.
18 silly lockFile a8879461-it-github-com-angular-animations git://github.com/angular/animations
19 silly lockFile a8879461-it-github-com-angular-animations git://github.com/angular/animations
20 info maybeGithub Attempting angular/animations from git+ssh://git@github.com:angular/animations
21 silly lockFile 605f0f48-it-github-com-angular-animations git+ssh://git@github.com:angular/animations
22 verbose lock git+ssh://git@github.com:angular/animations /root/.npm/605f0f48-it-github-com-angular-animations.lock
23 verbose addRemoteGit [ 'git@github.com:angular/animations', 'master' ]
24 error git clone git@github.com:angular/animations Cloning into bare repository '/root/.npm/_git-remotes/git-github-com-angular-animations-4cef41ee'...
24 error git clone git@github.com:angular/animations Permission denied (publickey).
24 error git clone git@github.com:angular/animations fatal: Could not read from remote repository.
24 error git clone git@github.com:angular/animations
24 error git clone git@github.com:angular/animations Please make sure you have the correct access rights
24 error git clone git@github.com:angular/animations and the repository exists.
25 silly lockFile 4cef41ee-it-github-com-angular-animations git@github.com:angular/animations
26 silly lockFile da0a9505-angular-animations angular/animations
27 silly lockFile da0a9505-angular-animations angular/animations
28 error addLocal Could not install angular/animations
29 error Error: ENOENT, stat 'angular/animations'
30 error If you need help, you may report this log at:
30 error     <http://github.com/isaacs/npm/issues>
30 error or email it to:
30 error     <npm-@googlegroups.com>
31 error System Linux 3.14.0
32 error command "/usr/bin/nodejs" "/usr/bin/npm" "install" "--save" "@angular/animations"
33 error cwd /home/dldao/AngularDuc/angular2-seed/app
34 error node -v v0.10.25
35 error npm -v 1.3.10
36 error path angular/animations
37 error code ENOENT
38 error errno 34
39 verbose exit [ 34, true ]
